This is pdfTeX, Version 3.1415926-2.5-1.40.14 (MiKTeX 2.9) (preloaded format=pdflatex 2014.10.1)  23 MAY 2015 17:09
entering extended mode
**C:/Users/pc/Documents/Dev/nectr/Latex/GMM*Derivation.tex
("C:/Users/pc/Documents/Dev/nectr/Latex/GMM Derivation.tex"
LaTeX2e <2011/06/27>
Babel <v3.8m> and hyphenation patterns for english, afrikaans, ancientgreek, ar
abic, armenian, assamese, basque, bengali, bokmal, bulgarian, catalan, coptic, 
croatian, czech, danish, dutch, esperanto, estonian, farsi, finnish, french, ga
lician, german, german-x-2013-05-26, greek, gujarati, hindi, hungarian, iceland
ic, indonesian, interlingua, irish, italian, kannada, kurmanji, latin, latvian,
 lithuanian, malayalam, marathi, mongolian, mongolianlmc, monogreek, ngerman, n
german-x-2013-05-26, nynorsk, oriya, panjabi, pinyin, polish, portuguese, roman
ian, russian, sanskrit, serbian, slovak, slovenian, spanish, swedish, swissgerm
an, tamil, telugu, turkish, turkmen, ukenglish, ukrainian, uppersorbian, usengl
ishmax, welsh, loaded.
("C:\Users\pc\Documents\Other Software\MikTex\tex\latex\base\article.cls"
Document Class: article 2007/10/19 v1.4h Standard LaTeX document class
("C:\Users\pc\Documents\Other Software\MikTex\tex\latex\base\size11.clo"
File: size11.clo 2007/10/19 v1.4h Standard LaTeX file (size option)
)
\c@part=\count79
\c@section=\count80
\c@subsection=\count81
\c@subsubsection=\count82
\c@paragraph=\count83
\c@subparagraph=\count84
\c@figure=\count85
\c@table=\count86
\abovecaptionskip=\skip41
\belowcaptionskip=\skip42
\bibindent=\dimen102
)
("C:\Users\pc\Documents\Other Software\MikTex\tex\latex\geometry\geometry.sty"
Package: geometry 2010/09/12 v5.6 Page Geometry

("C:\Users\pc\Documents\Other Software\MikTex\tex\latex\graphics\keyval.sty"
Package: keyval 1999/03/16 v1.13 key=value parser (DPC)
\KV@toks@=\toks14
)
("C:\Users\pc\Documents\Other Software\MikTex\tex\generic\oberdiek\ifpdf.sty"
Package: ifpdf 2011/01/30 v2.3 Provides the ifpdf switch (HO)
Package ifpdf Info: pdfTeX in PDF mode is detected.
)
("C:\Users\pc\Documents\Other Software\MikTex\tex\generic\oberdiek\ifvtex.sty"
Package: ifvtex 2010/03/01 v1.5 Detect VTeX and its facilities (HO)
Package ifvtex Info: VTeX not detected.
) ("C:\Users\pc\Documents\Other Software\MikTex\tex\generic\ifxetex\ifxetex.sty
"
Package: ifxetex 2010/09/12 v0.6 Provides ifxetex conditional
)
\Gm@cnth=\count87
\Gm@cntv=\count88
\c@Gm@tempcnt=\count89
\Gm@bindingoffset=\dimen103
\Gm@wd@mp=\dimen104
\Gm@odd@mp=\dimen105
\Gm@even@mp=\dimen106
\Gm@layoutwidth=\dimen107
\Gm@layoutheight=\dimen108
\Gm@layouthoffset=\dimen109
\Gm@layoutvoffset=\dimen110
\Gm@dimlist=\toks15
 ("C:\Users\pc\Documents\Other Software\MikTex\tex\latex\geometry\geometry.cfg"
)) ("C:\Users\pc\Documents\Other Software\MikTex\tex\latex\psnfss\palatino.sty"
Package: palatino 2005/04/12 PSNFSS-v9.2a (SPQR) 
) ("C:\Users\pc\Documents\Other Software\MikTex\tex\latex\url\url.sty"
\Urlmuskip=\muskip10
Package: url 2013/09/16  ver 3.4  Verb mode for urls, etc.
)
("C:\Users\pc\Documents\Other Software\MikTex\tex\latex\amsfonts\amssymb.sty"
Package: amssymb 2013/01/14 v3.01 AMS font symbols

("C:\Users\pc\Documents\Other Software\MikTex\tex\latex\amsfonts\amsfonts.sty"
Package: amsfonts 2013/01/14 v3.01 Basic AMSFonts support
\@emptytoks=\toks16
\symAMSa=\mathgroup4
\symAMSb=\mathgroup5
LaTeX Font Info:    Overwriting math alphabet `\mathfrak' in version `bold'
(Font)                  U/euf/m/n --> U/euf/b/n on input line 106.
)) ("C:\Users\pc\Documents\Other Software\MikTex\tex\latex\proba\proba.sty"
Package: proba 2003/05/31 The Probability package
LaTeX Info: Redefining \H on input line 24.
LaTeX Info: Redefining \L on input line 28.
LaTeX Info: Redefining \O on input line 31.
LaTeX Info: Redefining \P on input line 32.
LaTeX Info: Redefining \S on input line 35.
)
("C:\Users\pc\Documents\Other Software\MikTex\tex\latex\amsmath\amsmath.sty"
Package: amsmath 2013/01/14 v2.14 AMS math features
\@mathmargin=\skip43

For additional information on amsmath, use the `?' option.
("C:\Users\pc\Documents\Other Software\MikTex\tex\latex\amsmath\amstext.sty"
Package: amstext 2000/06/29 v2.01

("C:\Users\pc\Documents\Other Software\MikTex\tex\latex\amsmath\amsgen.sty"
File: amsgen.sty 1999/11/30 v2.0
\@emptytoks=\toks17
\ex@=\dimen111
))
("C:\Users\pc\Documents\Other Software\MikTex\tex\latex\amsmath\amsbsy.sty"
Package: amsbsy 1999/11/29 v1.2d
\pmbraise@=\dimen112
)
("C:\Users\pc\Documents\Other Software\MikTex\tex\latex\amsmath\amsopn.sty"
Package: amsopn 1999/12/14 v2.01 operator names
)
\inf@bad=\count90
LaTeX Info: Redefining \frac on input line 210.
\uproot@=\count91
\leftroot@=\count92
LaTeX Info: Redefining \overline on input line 306.
\classnum@=\count93
\DOTSCASE@=\count94
LaTeX Info: Redefining \ldots on input line 378.
LaTeX Info: Redefining \dots on input line 381.
LaTeX Info: Redefining \cdots on input line 466.
\Mathstrutbox@=\box26
\strutbox@=\box27
\big@size=\dimen113
LaTeX Font Info:    Redeclaring font encoding OML on input line 566.
LaTeX Font Info:    Redeclaring font encoding OMS on input line 567.
\macc@depth=\count95
\c@MaxMatrixCols=\count96
\dotsspace@=\muskip11
\c@parentequation=\count97
\dspbrk@lvl=\count98
\tag@help=\toks18
\row@=\count99
\column@=\count100
\maxfields@=\count101
\andhelp@=\toks19
\eqnshift@=\dimen114
\alignsep@=\dimen115
\tagshift@=\dimen116
\tagwidth@=\dimen117
\totwidth@=\dimen118
\lineht@=\dimen119
\@envbody=\toks20
\multlinegap=\skip44
\multlinetaggap=\skip45
\mathdisplay@stack=\toks21
LaTeX Info: Redefining \[ on input line 2665.
LaTeX Info: Redefining \] on input line 2666.
)
("C:\Users\pc\Documents\Other Software\MikTex\tex\latex\titlesec\titlesec.sty"
Package: titlesec 2011/12/15 v2.10.0 Sectioning titles
\ttl@box=\box28
\beforetitleunit=\skip46
\aftertitleunit=\skip47
\ttl@plus=\dimen120
\ttl@minus=\dimen121
\ttl@toksa=\toks22
\titlewidth=\dimen122
\titlewidthlast=\dimen123
\titlewidthfirst=\dimen124
) ("C:\Users\pc\Documents\Other Software\MikTex\tex\latex\mdframed\mdframed.sty
"
Package: mdframed 2013/07/01 1.9b: mdframed
("C:\Users\pc\Documents\Other Software\MikTex\tex\latex\oberdiek\kvoptions.sty"
Package: kvoptions 2011/06/30 v3.11 Key value format for package options (HO)
("C:\Users\pc\Documents\Other Software\MikTex\tex\generic\oberdiek\ltxcmds.sty"
Package: ltxcmds 2011/11/09 v1.22 LaTeX kernel commands for general use (HO)
)
("C:\Users\pc\Documents\Other Software\MikTex\tex\generic\oberdiek\kvsetkeys.st
y"
Package: kvsetkeys 2012/04/25 v1.16 Key value parser (HO)

("C:\Users\pc\Documents\Other Software\MikTex\tex\generic\oberdiek\infwarerr.st
y"
Package: infwarerr 2010/04/08 v1.3 Providing info/warning/error messages (HO)
)
("C:\Users\pc\Documents\Other Software\MikTex\tex\generic\oberdiek\etexcmds.sty
"
Package: etexcmds 2011/02/16 v1.5 Avoid name clashes with e-TeX commands (HO)

("C:\Users\pc\Documents\Other Software\MikTex\tex\generic\oberdiek\ifluatex.sty
"
Package: ifluatex 2010/03/01 v1.3 Provides the ifluatex switch (HO)
Package ifluatex Info: LuaTeX not detected.
)
Package etexcmds Info: Could not find \expanded.
(etexcmds)             That can mean that you are not using pdfTeX 1.50 or
(etexcmds)             that some package has redefined \expanded.
(etexcmds)             In the latter case, load this package earlier.
)))
("C:\Users\pc\Documents\Other Software\MikTex\tex\latex\l3packages\xparse\xpars
e.sty"
("C:\Users\pc\Documents\Other Software\MikTex\tex\latex\l3kernel\expl3.sty"
Package: expl3 2014/09/15 v5423 L3 programming layer (loader) 

("C:\Users\pc\Documents\Other Software\MikTex\tex\latex\l3kernel\expl3-code.tex
"
Package: expl3 2014/09/15 v5423 L3 programming layer (code) 
L3 Module: l3bootstrap 2014/08/23 v5354 L3 Bootstrap code
 ("C:\Users\pc\Documents\Other Software\MikTex\tex\latex\misc\etex.sty"
Package: etex 1998/03/26 v2.0 eTeX basic definition package (PEB)
\et@xins=\count102
)
L3 Module: l3names 2014/08/22 v5343 L3 Namespace for primitives
L3 Module: l3basics 2014/08/24 v5364 L3 Basic definitions
L3 Module: l3expan 2014/08/22 v5349 L3 Argument expansion
L3 Module: l3tl 2014/08/24 v5359 L3 Token lists
L3 Module: l3str 2014/08/24 v5368 L3 Strings
L3 Module: l3seq 2014/08/23 v5354 L3 Sequences and stacks
L3 Module: l3int 2014/09/14 v5421 L3 Integers
\c_max_int=\count103
\l_tmpa_int=\count104
\l_tmpb_int=\count105
\g_tmpa_int=\count106
\g_tmpb_int=\count107
L3 Module: l3quark 2014/08/23 v5354 L3 Quarks
L3 Module: l3prg 2014/08/23 v5354 L3 Control structures
\g__prg_map_int=\count108
L3 Module: l3clist 2014/08/23 v5354 L3 Comma separated lists
L3 Module: l3token 2014/09/15 v5422 L3 Experimental token manipulation
L3 Module: l3prop 2014/08/23 v5354 L3 Property lists
L3 Module: l3msg 2014/08/24 v5358 L3 Messages
L3 Module: l3file 2014/08/24 v5369 L3 File and I/O operations
\l_iow_line_count_int=\count109
\l__iow_target_count_int=\count110
\l__iow_current_line_int=\count111
\l__iow_current_word_int=\count112
\l__iow_current_indentation_int=\count113
L3 Module: l3skip 2014/08/23 v5354 L3 Dimensions and skips
\c_zero_dim=\dimen125
\c_max_dim=\dimen126
\l_tmpa_dim=\dimen127
\l_tmpb_dim=\dimen128
\g_tmpa_dim=\dimen129
\g_tmpb_dim=\dimen130
\c_zero_skip=\skip48
\c_max_skip=\skip49
\l_tmpa_skip=\skip50
\l_tmpb_skip=\skip51
\g_tmpa_skip=\skip52
\g_tmpb_skip=\skip53
\c_zero_muskip=\muskip12
\c_max_muskip=\muskip13
\l_tmpa_muskip=\muskip14
\l_tmpb_muskip=\muskip15
\g_tmpa_muskip=\muskip16
\g_tmpb_muskip=\muskip17
L3 Module: l3keys 2014/08/23 v5354 L3 Key-value interfaces
\g__keyval_level_int=\count114
\l_keys_choice_int=\count115
L3 Module: l3fp 2014/08/22 v5336 L3 Floating points
\c__fp_leading_shift_int=\count116
\c__fp_middle_shift_int=\count117
\c__fp_trailing_shift_int=\count118
\c__fp_big_leading_shift_int=\count119
\c__fp_big_middle_shift_int=\count120
\c__fp_big_trailing_shift_int=\count121
\c__fp_Bigg_leading_shift_int=\count122
\c__fp_Bigg_middle_shift_int=\count123
\c__fp_Bigg_trailing_shift_int=\count124
L3 Module: l3box 2014/08/23 v5354 L3 Experimental boxes
\c_empty_box=\box29
\l_tmpa_box=\box30
\l_tmpb_box=\box31
\g_tmpa_box=\box32
\g_tmpb_box=\box33
L3 Module: l3coffins 2014/08/23 v5354 L3 Coffin code layer
\l__coffin_internal_box=\box34
\l__coffin_internal_dim=\dimen131
\l__coffin_offset_x_dim=\dimen132
\l__coffin_offset_y_dim=\dimen133
\l__coffin_x_dim=\dimen134
\l__coffin_y_dim=\dimen135
\l__coffin_x_prime_dim=\dimen136
\l__coffin_y_prime_dim=\dimen137
\c_empty_coffin=\box35
\l__coffin_aligned_coffin=\box36
\l__coffin_aligned_internal_coffin=\box37
\l_tmpa_coffin=\box38
\l_tmpb_coffin=\box39
\l__coffin_display_coffin=\box40
\l__coffin_display_coord_coffin=\box41
\l__coffin_display_pole_coffin=\box42
\l__coffin_display_offset_dim=\dimen138
\l__coffin_display_x_dim=\dimen139
\l__coffin_display_y_dim=\dimen140
L3 Module: l3color 2014/08/23 v5354 L3 Experimental color support
L3 Module: l3candidates 2014/08/24 v5366 L3 Experimental additions to l3kernel
\l__box_top_dim=\dimen141
\l__box_bottom_dim=\dimen142
\l__box_left_dim=\dimen143
\l__box_right_dim=\dimen144
\l__box_top_new_dim=\dimen145
\l__box_bottom_new_dim=\dimen146
\l__box_left_new_dim=\dimen147
\l__box_right_new_dim=\dimen148
\l__box_internal_box=\box43
\l__coffin_bounding_shift_dim=\dimen149
\l__coffin_left_corner_dim=\dimen150
\l__coffin_right_corner_dim=\dimen151
\l__coffin_bottom_corner_dim=\dimen152
\l__coffin_top_corner_dim=\dimen153
\l__coffin_scaled_total_height_dim=\dimen154
\l__coffin_scaled_width_dim=\dimen155
)
("C:\Users\pc\Documents\Other Software\MikTex\tex\latex\l3kernel\l3unicode-data
.def"
File: l3unicode-data.def 2014/08/12 v5276 L3 Unicode data
)
("C:\Users\pc\Documents\Other Software\MikTex\tex\latex\l3kernel\l3pdfmode.def"
File: l3pdfmode.def 2014/08/24 v5366 L3 Experimental driver: PDF mode
\l__driver_color_stack_int=\count125
))
Package: xparse 2014/09/15 v5423 L3 Experimental document command parser
\l__xparse_current_arg_int=\count126
\l__xparse_m_args_int=\count127
\l__xparse_mandatory_args_int=\count128
\l__xparse_processor_int=\count129
\l__xparse_v_nesting_int=\count130
)
("C:\Users\pc\Documents\Other Software\MikTex\tex\latex\etoolbox\etoolbox.sty"
Package: etoolbox 2011/01/03 v2.1 e-TeX tools for LaTeX
\etb@tempcnta=\count131
)
("C:\Users\pc\Documents\Other Software\MikTex\tex\latex\oberdiek\zref-abspage.s
ty"
Package: zref-abspage 2012/04/04 v2.24 Module abspage for zref (HO)

("C:\Users\pc\Documents\Other Software\MikTex\tex\latex\oberdiek\zref-base.sty"
Package: zref-base 2012/04/04 v2.24 Module base for zref (HO)

("C:\Users\pc\Documents\Other Software\MikTex\tex\generic\oberdiek\kvdefinekeys
.sty"
Package: kvdefinekeys 2011/04/07 v1.3 Define keys (HO)
)
("C:\Users\pc\Documents\Other Software\MikTex\tex\generic\oberdiek\pdftexcmds.s
ty"
Package: pdftexcmds 2011/11/29 v0.20 Utility functions of pdfTeX for LuaTeX (HO
)
Package pdftexcmds Info: LuaTeX not detected.
Package pdftexcmds Info: \pdf@primitive is available.
Package pdftexcmds Info: \pdf@ifprimitive is available.
Package pdftexcmds Info: \pdfdraftmode found.
)
("C:\Users\pc\Documents\Other Software\MikTex\tex\latex\oberdiek\auxhook.sty"
Package: auxhook 2011/03/04 v1.3 Hooks for auxiliary files (HO)
)
Package zref Info: New property list: main on input line 759.
Package zref Info: New property: default on input line 760.
Package zref Info: New property: page on input line 761.
) ("C:\Users\pc\Documents\Other Software\MikTex\tex\generic\oberdiek\atbegshi.s
ty"
Package: atbegshi 2011/10/05 v1.16 At begin shipout hook (HO)
)
\c@abspage=\count132
Package zref Info: New property: abspage on input line 62.
)
("C:\Users\pc\Documents\Other Software\MikTex\tex\latex\needspace\needspace.sty
"
Package: needspace 2010/09/12 v1.3d reserve vertical space
) ("C:\Users\pc\Documents\Other Software\MikTex\tex\latex\graphics\color.sty"
Package: color 2005/11/14 v1.0j Standard LaTeX Color (DPC)

("C:\Users\pc\Documents\Other Software\MikTex\tex\latex\00miktex\color.cfg"
File: color.cfg 2007/01/18 v1.5 color configuration of teTeX/TeXLive
)
Package color Info: Driver file: pdftex.def on input line 130.

("C:\Users\pc\Documents\Other Software\MikTex\tex\latex\pdftex-def\pdftex.def"
File: pdftex.def 2011/05/27 v0.06d Graphics/color for pdfTeX
\Gread@gobject=\count133
))
\mdf@templength=\skip54
\c@mdf@globalstyle@cnt=\count134
\mdf@skipabove@length=\skip55
\mdf@skipbelow@length=\skip56
\mdf@leftmargin@length=\skip57
\mdf@rightmargin@length=\skip58
\mdf@innerleftmargin@length=\skip59
\mdf@innerrightmargin@length=\skip60
\mdf@innertopmargin@length=\skip61
\mdf@innerbottommargin@length=\skip62
\mdf@splittopskip@length=\skip63
\mdf@splitbottomskip@length=\skip64
\mdf@outermargin@length=\skip65
\mdf@innermargin@length=\skip66
\mdf@linewidth@length=\skip67
\mdf@innerlinewidth@length=\skip68
\mdf@middlelinewidth@length=\skip69
\mdf@outerlinewidth@length=\skip70
\mdf@roundcorner@length=\skip71
\mdf@footenotedistance@length=\skip72
\mdf@userdefinedwidth@length=\skip73
\mdf@needspace@length=\skip74
\mdf@frametitleaboveskip@length=\skip75
\mdf@frametitlebelowskip@length=\skip76
\mdf@frametitlerulewidth@length=\skip77
\mdf@frametitleleftmargin@length=\skip78
\mdf@frametitlerightmargin@length=\skip79
\mdf@shadowsize@length=\skip80
\mdf@extratopheight@length=\skip81
\mdf@subtitleabovelinewidth@length=\skip82
\mdf@subtitlebelowlinewidth@length=\skip83
\mdf@subtitleaboveskip@length=\skip84
\mdf@subtitlebelowskip@length=\skip85
\mdf@subtitleinneraboveskip@length=\skip86
\mdf@subtitleinnerbelowskip@length=\skip87
\mdf@subsubtitleabovelinewidth@length=\skip88
\mdf@subsubtitlebelowlinewidth@length=\skip89
\mdf@subsubtitleaboveskip@length=\skip90
\mdf@subsubtitlebelowskip@length=\skip91
\mdf@subsubtitleinneraboveskip@length=\skip92
\mdf@subsubtitleinnerbelowskip@length=\skip93

("C:\Users\pc\Documents\Other Software\MikTex\tex\latex\mdframed\md-frame-0.mdf
"
File: md-frame-0.mdf 2013/07/01\ 1.9b: md-frame-0
)
\mdf@frametitlebox=\box44
\mdf@footnotebox=\box45
\mdf@splitbox@one=\box46
\mdf@splitbox@two=\box47
\mdf@splitbox@save=\box48
\mdfsplitboxwidth=\skip94
\mdfsplitboxtotalwidth=\skip95
\mdfsplitboxheight=\skip96
\mdfsplitboxdepth=\skip97
\mdfsplitboxtotalheight=\skip98
\mdfframetitleboxwidth=\skip99
\mdfframetitleboxtotalwidth=\skip100
\mdfframetitleboxheight=\skip101
\mdfframetitleboxdepth=\skip102
\mdfframetitleboxtotalheight=\skip103
\mdffootnoteboxwidth=\skip104
\mdffootnoteboxtotalwidth=\skip105
\mdffootnoteboxheight=\skip106
\mdffootnoteboxdepth=\skip107
\mdffootnoteboxtotalheight=\skip108
\mdftotallinewidth=\skip109
\mdfboundingboxwidth=\skip110
\mdfboundingboxtotalwidth=\skip111
\mdfboundingboxheight=\skip112
\mdfboundingboxdepth=\skip113
\mdfboundingboxtotalheight=\skip114
\mdf@freevspace@length=\skip115
\mdf@horizontalwidthofbox@length=\skip116
\mdf@verticalmarginwhole@length=\skip117
\mdf@horizontalspaceofbox=\skip118
\mdfsubtitleheight=\skip119
\mdfsubsubtitleheight=\skip120
\c@mdfcountframes=\count135

****** mdframed patching \endmdf@trivlist

****** -- success******

.................................................
. LaTeX info: "xparse/define-command"
. 
. Defining command \newmdtheoremenv with sig. 'O{} m o m o ' on line 601.
.................................................
.................................................
. LaTeX info: "xparse/define-command"
. 
. Defining command \mdtheorem with sig. ' O{} m o m o ' on line 701.
.................................................
\mdf@envdepth=\count136
\c@mdf@env@i=\count137
\c@mdf@env@ii=\count138
\c@mdf@zref@counter=\count139
Package zref Info: New property: mdf@pagevalue on input line 895.
) ("C:\Users\pc\Documents\Other Software\MikTex\tex\latex\dstroke\dsfont.sty"
Package: dsfont 1995/08/01 v0.1 Double stroke roman fonts
) ("C:\Users\pc\Documents\Other Software\MikTex\tex\generic\babel\babel.sty"
Package: babel 2008/07/08 v3.8m The Babel package

*************************************
* Local config file bblopts.cfg used
*
("C:\Users\pc\Documents\Other Software\MikTex\tex\latex\00miktex\bblopts.cfg"
File: bblopts.cfg 2006/07/31 v1.0 MiKTeX 'babel' configuration
)
("C:\Users\pc\Documents\Other Software\MikTex\tex\generic\babel\english.ldf"
Language: english 2005/03/30 v3.3o English support from the babel system

("C:\Users\pc\Documents\Other Software\MikTex\tex\generic\babel\babel.def"
File: babel.def 2008/07/08 v3.8m Babel common definitions
\babel@savecnt=\count140
\U@D=\dimen156
)
\l@canadian = a dialect from \language\l@american 
\l@australian = a dialect from \language\l@british 
\l@newzealand = a dialect from \language\l@british 
))
("C:\Users\pc\Documents\Other Software\MikTex\tex\latex\graphics\graphicx.sty"
Package: graphicx 1999/02/16 v1.0f Enhanced LaTeX Graphics (DPC,SPQR)

("C:\Users\pc\Documents\Other Software\MikTex\tex\latex\graphics\graphics.sty"
Package: graphics 2009/02/05 v1.0o Standard LaTeX Graphics (DPC,SPQR)

("C:\Users\pc\Documents\Other Software\MikTex\tex\latex\graphics\trig.sty"
Package: trig 1999/03/16 v1.09 sin cos tan (DPC)
)
("C:\Users\pc\Documents\Other Software\MikTex\tex\latex\00miktex\graphics.cfg"
File: graphics.cfg 2007/01/18 v1.5 graphics configuration of teTeX/TeXLive
)
Package graphics Info: Driver file: pdftex.def on input line 91.
)
\Gin@req@height=\dimen157
\Gin@req@width=\dimen158
) ("C:\Users\pc\Documents\Other Software\MikTex\tex\latex\caption\caption.sty"
Package: caption 2013/05/02 v3.3-89 Customizing captions (AR)
("C:\Users\pc\Documents\Other Software\MikTex\tex\latex\caption\caption3.sty"
Package: caption3 2013/05/02 v1.6-88 caption3 kernel (AR)
Package caption3 Info: TeX engine: e-TeX on input line 57.
\captionmargin=\dimen159
\captionmargin@=\dimen160
\captionwidth=\dimen161
\caption@tempdima=\dimen162
\caption@indent=\dimen163
\caption@parindent=\dimen164
\caption@hangindent=\dimen165
)
\c@ContinuedFloat=\count141
) ("C:\Users\pc\Documents\Other Software\MikTex\tex\latex\epsf\epsf.sty"
This is `epsf.tex' v2.7.4 <14 February 2011>
\epsffilein=\read1
\epsfframemargin=\dimen166
\epsfframethickness=\dimen167
\epsfrsize=\dimen168
\epsftmp=\dimen169
\epsftsize=\dimen170
\epsfxsize=\dimen171
\epsfysize=\dimen172
\pspoints=\dimen173
)
("C:\Users\pc\Documents\Other Software\MikTex\tex\latex\adjustbox\adjustbox.sty
"
Package: adjustbox 2012/05/21 v1.0 Adjusting TeX boxes (trim, clip, ...)
 ("C:\Users\pc\Documents\Other Software\MikTex\tex\latex\xkeyval\xkeyval.sty"
Package: xkeyval 2012/10/14 v2.6b package option processing (HA)

("C:\Users\pc\Documents\Other Software\MikTex\tex\generic\xkeyval\xkeyval.tex"
\XKV@toks=\toks23
\XKV@tempa@toks=\toks24
\XKV@depth=\count142
File: xkeyval.tex 2012/10/14 v2.6b key=value parser (HA)
)) ("C:\Users\pc\Documents\Other Software\MikTex\tex\latex\adjustbox\adjcalc.st
y"
Package: adjcalc 2012/05/16 v1.1 Provides advanced setlength with multiple back
-ends (calc, etex, pgfmath)
)
("C:\Users\pc\Documents\Other Software\MikTex\tex\latex\adjustbox\trimclip.sty"
Package: trimclip 2012/05/16 v1.0 Trim and clip general TeX material

("C:\Users\pc\Documents\Other Software\MikTex\tex\latex\collectbox\collectbox.s
ty"
Package: collectbox 2012/05/17 v0.4b Collect macro arguments as boxes
\collectedbox=\box49
)
\tc@llx=\dimen174
\tc@lly=\dimen175
\tc@urx=\dimen176
\tc@ury=\dimen177
Package trimclip Info: Using driver 'tc-pdftex.def'.

("C:\Users\pc\Documents\Other Software\MikTex\tex\latex\adjustbox\tc-pdftex.def
"
File: tc-pdftex.def 2012/05/13 v1.0 Clipping driver for pdftex
))
\adjbox@Width=\dimen178
\adjbox@Height=\dimen179
\adjbox@Depth=\dimen180
\adjbox@Totalheight=\dimen181

("C:\Users\pc\Documents\Other Software\MikTex\tex\latex\ifoddpage\ifoddpage.sty
"
Package: ifoddpage 2011/09/13 v1.0 Conditionals for odd/even page detection
\c@checkoddpage=\count143
) ("C:\Users\pc\Documents\Other Software\MikTex\tex\latex\ltxmisc\varwidth.sty"
Package: varwidth 2009/03/30 ver 0.92;  Variable-width minipages
\@vwid@box=\box50
\sift@deathcycles=\count144
\@vwid@loff=\dimen182
\@vwid@roff=\dimen183
)) ("C:\Users\pc\Documents\Other Software\MikTex\tex\latex\oberdiek\grffile.sty
"
Package: grffile 2012/04/05 v1.16 Extended file name support for graphics (HO)
Package grffile Info: Option `multidot' is set to `true'.
Package grffile Info: Option `extendedchars' is set to `false'.
Package grffile Info: Option `space' is set to `true'.
Package grffile Info: \Gin@ii of package `graphicx' fixed on input line 486.
) ("C:\Users\pc\Documents\Other Software\MikTex\tex\latex\base\fixltx2e.sty"
Package: fixltx2e 2006/09/13 v1.1m fixes to LaTeX
LaTeX Info: Redefining \em on input line 420.
LaTeX Info: The control sequence `\[' is already robust on input line 471.
LaTeX Info: The control sequence `\]' is already robust on input line 472.
) ("C:\Users\pc\Documents\Other Software\MikTex\tex\latex\tools\afterpage.sty"
Package: afterpage 1995/10/27 v1.08 After-Page Package (DPC)
\AP@output=\toks25
\AP@partial=\box51
\AP@footins=\box52
)
("C:\Users\pc\Documents\Other Software\MikTex\tex\latex\float\float.sty"
Package: float 2001/11/08 v1.3d Float enhancements (AL)
\c@float@type=\count145
\float@exts=\toks26
\float@box=\box53
\@float@everytoks=\toks27
\@floatcapt=\box54
)
("C:\Users\pc\Documents\Other Software\MikTex\tex\latex\multirow\multirow.sty"
\bigstrutjot=\dimen184
) ("C:\Users\pc\Documents\Other Software\MikTex\tex\latex\caption\subcaption.st
y"
Package: subcaption 2013/02/03 v1.1-62 Sub-captions (AR)
\c@subfigure=\count146
\c@subtable=\count147
)
\@float@every@table=\toks28
 ("C:\Users\pc\Documents\Other Software\MikTex\tex\latex\listings\listings.sty"
\lst@mode=\count148
\lst@gtempboxa=\box55
\lst@token=\toks29
\lst@length=\count149
\lst@currlwidth=\dimen185
\lst@column=\count150
\lst@pos=\count151
\lst@lostspace=\dimen186
\lst@width=\dimen187
\lst@newlines=\count152
\lst@lineno=\count153
\lst@maxwidth=\dimen188
 ("C:\Users\pc\Documents\Other Software\MikTex\tex\latex\listings\lstmisc.sty"
File: lstmisc.sty 2014/09/06 1.5e (Carsten Heinz)
\c@lstnumber=\count154
\lst@skipnumbers=\count155
\lst@framebox=\box56
) ("C:\Users\pc\Documents\Other Software\MikTex\tex\latex\listings\listings.cfg
"
File: listings.cfg 2014/09/06 1.5e listings configuration
))
Package: listings 2014/09/06 1.5e (Carsten Heinz)

("C:\Users\pc\Documents\Other Software\MikTex\tex\latex\listings\lstlang1.sty"
File: lstlang1.sty 2014/09/06 1.5e listings language file
) ("C:\Users\pc\Documents\Other Software\MikTex\tex\latex\listings\lstlang2.sty
"
File: lstlang2.sty 2014/09/06 1.5e listings language file
) ("C:\Users\pc\Documents\Other Software\MikTex\tex\latex\listings\lstlang3.sty
"
File: lstlang3.sty 2014/09/06 1.5e listings language file
) ("C:\Users\pc\Documents\Other Software\MikTex\tex\latex\setspace\setspace.sty
"
Package: setspace 2011/12/19 v6.7a set line spacing
)
("C:\Users\pc\Documents\Other Software\MikTex\tex\latex\rotating\rotating.sty"
Package: rotating 2009/03/28 v2.16a rotated objects in LaTeX

("C:\Users\pc\Documents\Other Software\MikTex\tex\latex\base\ifthen.sty"
Package: ifthen 2001/05/26 v1.1c Standard LaTeX ifthen package (DPC)
)
\c@r@tfl@t=\count156
\rotFPtop=\skip121
\rotFPbot=\skip122
\rot@float@box=\box57
\rot@mess@toks=\toks30
)
("C:\Users\pc\Documents\Other Software\MikTex\tex\latex\sectsty\sectsty.sty"
Package: sectsty 2002/02/25 v2.0.2 Commands to change all sectional heading sty
les
)
\colveccount=\count157

("C:\Users\pc\Documents\Other Software\MikTex\tex\latex\standalone\standalone.s
ty"
Package: standalone 2012/09/15 v1.1b Package to include TeX sub-files with prea
mbles

("C:\Users\pc\Documents\Other Software\MikTex\tex\latex\currfile\currfile.sty"
Package: currfile 2013/02/01 v0.7b Provides the file path elements of the curre
nt input file

("C:\Users\pc\Documents\Other Software\MikTex\tex\latex\filehook\filehook.sty"
Package: filehook 2011/10/12 v0.5d Hooks for input files
)
\c@currfiledepth=\count158
) ("C:\Users\pc\Documents\Other Software\MikTex\tex\latex\gincltex\gincltex.sty
" ("C:\Users\pc\Documents\Other Software\MikTex\tex\latex\svn-prov\svn-prov.sty
"
Package: svn-prov 2010/04/24 v3.1862 Package Date/Version from SVN Keywords
)
Package: gincltex 2011/09/04 v0.3 Include external LaTeX files like graphics
\gincltex@box=\box58
)
("C:\Users\pc\Documents\Other Software\MikTex\tex\latex\filemod\filemod-expmin.
sty"
Package: filemod-expmin 2011/09/19 v1.2 Get and compare file modification times
 (expandable; minimal)
))
("C:\Users\pc\Documents\Other Software\MikTex\tex\latex\fancyhdr\fancyhdr.sty"
\fancy@headwidth=\skip123
\f@ncyO@elh=\skip124
\f@ncyO@erh=\skip125
\f@ncyO@olh=\skip126
\f@ncyO@orh=\skip127
\f@ncyO@elf=\skip128
\f@ncyO@erf=\skip129
\f@ncyO@olf=\skip130
\f@ncyO@orf=\skip131
) ("C:\Users\pc\Documents\Dev\nectr\Latex\GMM Derivation.aux")
LaTeX Font Info:    Checking defaults for OML/cmm/m/it on input line 101.
LaTeX Font Info:    ... okay on input line 101.
LaTeX Font Info:    Checking defaults for T1/cmr/m/n on input line 101.
LaTeX Font Info:    ... okay on input line 101.
LaTeX Font Info:    Checking defaults for OT1/cmr/m/n on input line 101.
LaTeX Font Info:    ... okay on input line 101.
LaTeX Font Info:    Checking defaults for OMS/cmsy/m/n on input line 101.
LaTeX Font Info:    ... okay on input line 101.
LaTeX Font Info:    Checking defaults for OMX/cmex/m/n on input line 101.
LaTeX Font Info:    ... okay on input line 101.
LaTeX Font Info:    Checking defaults for U/cmr/m/n on input line 101.
LaTeX Font Info:    ... okay on input line 101.
LaTeX Font Info:    Try loading font information for OT1+ppl on input line 101.


("C:\Users\pc\Documents\Other Software\MikTex\tex\latex\psnfss\ot1ppl.fd"
File: ot1ppl.fd 2001/06/04 font definitions for OT1/ppl.
)
*geometry* driver: auto-detecting
*geometry* detected driver: pdftex
*geometry* verbose mode - [ preamble ] result:
* driver: pdftex
* paper: <default>
* layout: <same size as paper>
* layoutoffset:(h,v)=(0.0pt,0.0pt)
* modes: 
* h-part:(L,W,R)=(43.36243pt, 527.57014pt, 43.36243pt)
* v-part:(T,H,B)=(43.36243pt, 708.24513pt, 43.36243pt)
* \paperwidth=614.295pt
* \paperheight=794.96999pt
* \textwidth=527.57014pt
* \textheight=708.24513pt
* \oddsidemargin=-28.90756pt
* \evensidemargin=-28.90756pt
* \topmargin=-65.90756pt
* \headheight=12.0pt
* \headsep=25.0pt
* \topskip=11.0pt
* \footskip=30.0pt
* \marginparwidth=59.0pt
* \marginparsep=10.0pt
* \columnsep=10.0pt
* \skip\footins=10.0pt plus 4.0pt minus 2.0pt
* \hoffset=0.0pt
* \voffset=0.0pt
* \mag=1000
* \@twocolumnfalse
* \@twosidefalse
* \@mparswitchfalse
* \@reversemarginfalse
* (1in=72.27pt=25.4mm, 1cm=28.453pt)

\AtBeginShipoutBox=\box59
("C:\Users\pc\Documents\Other Software\MikTex\tex\context\base\supp-pdf.mkii"
[Loading MPS to PDF converter (version 2006.09.02).]
\scratchcounter=\count159
\scratchdimen=\dimen189
\scratchbox=\box60
\nofMPsegments=\count160
\nofMParguments=\count161
\everyMPshowfont=\toks31
\MPscratchCnt=\count162
\MPscratchDim=\dimen190
\MPnumerator=\count163
\makeMPintoPDFobject=\count164
\everyMPtoPDFconversion=\toks32
)
Package caption Info: Begin \AtBeginDocument code.
Package caption Info: float package is loaded.
Package caption Info: listings package is loaded.
Package caption Info: rotating package is loaded.
Package caption Info: End \AtBeginDocument code.
\c@lstlisting=\count165
LaTeX Font Info:    Font shape `OT1/ppl/bx/n' in size <14.4> not available
(Font)              Font shape `OT1/ppl/b/n' tried instead on input line 102.
LaTeX Font Info:    Font shape `OT1/ppl/bx/n' in size <14> not available
(Font)              Font shape `OT1/ppl/b/n' tried instead on input line 102.
LaTeX Font Info:    Font shape `OT1/ppl/bx/n' in size <12> not available
(Font)              Font shape `OT1/ppl/b/n' tried instead on input line 106.
LaTeX Font Info:    Font shape `OT1/ppl/bx/n' in size <13> not available
(Font)              Font shape `OT1/ppl/b/n' tried instead on input line 106.
LaTeX Font Info:    Font shape `OT1/ppl/bx/n' in size <10.95> not available
(Font)              Font shape `OT1/ppl/b/n' tried instead on input line 109.
LaTeX Font Info:    Try loading font information for U+msa on input line 110.
 ("C:\Users\pc\Documents\Other Software\MikTex\tex\latex\amsfonts\umsa.fd"
File: umsa.fd 2013/01/14 v3.01 AMS symbols A
)
LaTeX Font Info:    Try loading font information for U+msb on input line 110.

("C:\Users\pc\Documents\Other Software\MikTex\tex\latex\amsfonts\umsb.fd"
File: umsb.fd 2013/01/14 v3.01 AMS symbols B
)
Underfull \hbox (badness 10000) in paragraph at lines 119--122

 []


Package Fancyhdr Warning: \headheight is too small (12.0pt): 
 Make it at least 13.59999pt.
 We now make it that large for the rest of the document.
 This may cause the page layout to be inconsistent, however.

[1{C:/Users/pc/Documents/Other Software/MikTex/pdftex/config/pdftex.map}

]
Overfull \hbox (9.75089pt too wide) in paragraph at lines 144--144
[] 
 []


Underfull \hbox (badness 10000) in paragraph at lines 153--154

 []


Underfull \hbox (badness 10000) in paragraph at lines 159--162

 []


Underfull \hbox (badness 10000) in paragraph at lines 159--162

 []

[2]
Underfull \hbox (badness 10000) in paragraph at lines 166--168

 []


Overfull \hbox (16.42943pt too wide) in paragraph at lines 176--176
[] 
 []


Underfull \hbox (badness 10000) in paragraph at lines 179--180

 []

[3]
Overfull \hbox (3.68448pt too wide) in paragraph at lines 186--186
\OT1/ppl/m/n/10.95 ram-e-ters to choose, the counts of pseudo-observations and 
the suf-fi-cient statis-tics of pseudo-observations.
 []

LaTeX Font Info:    Try loading font information for OT1+pcr on input line 189.

("C:\Users\pc\Documents\Other Software\MikTex\tex\latex\psnfss\ot1pcr.fd"
File: ot1pcr.fd 2001/06/04 font definitions for OT1/pcr.
)
[4] ("C:\Users\pc\Documents\Dev\nectr\Latex\GMM Derivation.aux") ) 
Here is how much of TeX's memory you used:
 14615 strings out of 493921
 256038 string characters out of 3140860
 362204 words of memory out of 3000000
 17646 multiletter control sequences out of 15000+200000
 21687 words of font info for 63 fonts, out of 3000000 for 9000
 841 hyphenation exceptions out of 8191
 40i,18n,72p,10499b,291s stack positions out of 5000i,500n,10000p,200000b,50000s
{C:/Users/pc/
Documents/Other Software/MikTex/fonts/enc/dvips/fontname/8r.enc}<C:/Users/pc/Do
cuments/Other Software/MikTex/fonts/type1/public/amsfonts/cm/cmbx10.pfb><C:/Use
rs/pc/Documents/Other Software/MikTex/fonts/type1/public/amsfonts/cm/cmex10.pfb
><C:/Users/pc/Documents/Other Software/MikTex/fonts/type1/public/amsfonts/cm/cm
mi10.pfb><C:/Users/pc/Documents/Other Software/MikTex/fonts/type1/public/amsfon
ts/cm/cmmi6.pfb><C:/Users/pc/Documents/Other Software/MikTex/fonts/type1/public
/amsfonts/cm/cmmi8.pfb><C:/Users/pc/Documents/Other Software/MikTex/fonts/type1
/public/amsfonts/cm/cmmib10.pfb><C:/Users/pc/Documents/Other Software/MikTex/fo
nts/type1/public/amsfonts/cmextra/cmmib8.pfb><C:/Users/pc/Documents/Other Softw
are/MikTex/fonts/type1/public/amsfonts/cm/cmr10.pfb><C:/Users/pc/Documents/Othe
r Software/MikTex/fonts/type1/public/amsfonts/cm/cmr6.pfb><C:/Users/pc/Document
s/Other Software/MikTex/fonts/type1/public/amsfonts/cm/cmr8.pfb><C:/Users/pc/Do
cuments/Other Software/MikTex/fonts/type1/public/amsfonts/cm/cmsy10.pfb><C:/Use
rs/pc/Documents/Other Software/MikTex/fonts/type1/public/amsfonts/cm/cmsy8.pfb>
<C:/Users/pc/Documents/Other Software/MikTex/fonts/type1/public/amsfonts/symbol
s/msbm10.pfb><C:/Users/pc/Documents/Other Software/MikTex/fonts/type1/urw/couri
er/ucrr8a.pfb><C:/Users/pc/Documents/Other Software/MikTex/fonts/type1/urw/pala
tino/uplb8a.pfb><C:/Users/pc/Documents/Other Software/MikTex/fonts/type1/urw/pa
latino/uplr8a.pfb><C:/Users/pc/Documents/Other Software/MikTex/fonts/type1/urw/
palatino/uplr8a.pfb><C:/Users/pc/Documents/Other Software/MikTex/fonts/type1/ur
w/palatino/uplri8a.pfb>
Output written on "GMM Derivation.pdf" (4 pages, 215628 bytes).
PDF statistics:
 88 PDF objects out of 1000 (max. 8388607)
 0 named destinations out of 1000 (max. 500000)
 1 words of extra memory for PDF output out of 10000 (max. 10000000)

